2026-05-23 18:15:26 +05:30: Error: ADMIN_SESSION_SECRET must be configured with a non-default value in production.
2026-05-23 18:15:26 +05:30:     at Object.<anonymous> (C:\Users\md464\OneDrive\Documents\Desktop\BitzenX\server\dist\config.js:28:15)
2026-05-23 18:15:26 +05:30:     at Module._compile (node:internal/modules/cjs/loader:1812:14)
2026-05-23 18:15:26 +05:30:     at Object..js (node:internal/modules/cjs/loader:1943:10)
2026-05-23 18:15:26 +05:30:     at Module.load (node:internal/modules/cjs/loader:1533:32)
2026-05-23 18:15:26 +05:30:     at Module._load (node:internal/modules/cjs/loader:1335:12)
2026-05-23 18:15:26 +05:30:     at wrapModuleLoad (node:internal/modules/cjs/loader:255:19)
2026-05-23 18:15:26 +05:30:     at Module.require (node:internal/modules/cjs/loader:1556:12)
2026-05-23 18:15:26 +05:30:     at require (node:internal/modules/helpers:152:16)
2026-05-23 18:15:26 +05:30:     at Object.<anonymous> (C:\Users\md464\OneDrive\Documents\Desktop\BitzenX\server\dist\index.js:8:21)
2026-05-23 18:15:26 +05:30:     at Module._compile (node:internal/modules/cjs/loader:1812:14)
2026-05-23 18:15:27 +05:30: Error: ADMIN_SESSION_SECRET must be configured with a non-default value in production.
2026-05-23 18:15:27 +05:30:     at Object.<anonymous> (C:\Users\md464\OneDrive\Documents\Desktop\BitzenX\server\dist\config.js:28:15)
2026-05-23 18:15:27 +05:30:     at Module._compile (node:internal/modules/cjs/loader:1812:14)
2026-05-23 18:15:27 +05:30:     at Object..js (node:internal/modules/cjs/loader:1943:10)
2026-05-23 18:15:27 +05:30:     at Module.load (node:internal/modules/cjs/loader:1533:32)
2026-05-23 18:15:27 +05:30:     at Module._load (node:internal/modules/cjs/loader:1335:12)
2026-05-23 18:15:27 +05:30:     at wrapModuleLoad (node:internal/modules/cjs/loader:255:19)
2026-05-23 18:15:27 +05:30:     at Module.require (node:internal/modules/cjs/loader:1556:12)
2026-05-23 18:15:27 +05:30:     at require (node:internal/modules/helpers:152:16)
2026-05-23 18:15:27 +05:30:     at Object.<anonymous> (C:\Users\md464\OneDrive\Documents\Desktop\BitzenX\server\dist\index.js:8:21)
2026-05-23 18:15:27 +05:30:     at Module._compile (node:internal/modules/cjs/loader:1812:14)
2026-05-23 18:15:27 +05:30: Error: ADMIN_SESSION_SECRET must be configured with a non-default value in production.
2026-05-23 18:15:27 +05:30:     at Object.<anonymous> (C:\Users\md464\OneDrive\Documents\Desktop\BitzenX\server\dist\config.js:28:15)
2026-05-23 18:15:27 +05:30:     at Module._compile (node:internal/modules/cjs/loader:1812:14)
2026-05-23 18:15:27 +05:30:     at Object..js (node:internal/modules/cjs/loader:1943:10)
2026-05-23 18:15:27 +05:30:     at Module.load (node:internal/modules/cjs/loader:1533:32)
2026-05-23 18:15:27 +05:30:     at Module._load (node:internal/modules/cjs/loader:1335:12)
2026-05-23 18:15:27 +05:30:     at wrapModuleLoad (node:internal/modules/cjs/loader:255:19)
2026-05-23 18:15:27 +05:30:     at Module.require (node:internal/modules/cjs/loader:1556:12)
2026-05-23 18:15:27 +05:30:     at require (node:internal/modules/helpers:152:16)
2026-05-23 18:15:27 +05:30:     at Object.<anonymous> (C:\Users\md464\OneDrive\Documents\Desktop\BitzenX\server\dist\index.js:8:21)
2026-05-23 18:15:27 +05:30:     at Module._compile (node:internal/modules/cjs/loader:1812:14)
2026-05-23 18:15:27 +05:30: Error: ADMIN_SESSION_SECRET must be configured with a non-default value in production.
2026-05-23 18:15:27 +05:30:     at Object.<anonymous> (C:\Users\md464\OneDrive\Documents\Desktop\BitzenX\server\dist\config.js:28:15)
2026-05-23 18:15:27 +05:30:     at Module._compile (node:internal/modules/cjs/loader:1812:14)
2026-05-23 18:15:27 +05:30:     at Object..js (node:internal/modules/cjs/loader:1943:10)
2026-05-23 18:15:27 +05:30:     at Module.load (node:internal/modules/cjs/loader:1533:32)
2026-05-23 18:15:27 +05:30:     at Module._load (node:internal/modules/cjs/loader:1335:12)
2026-05-23 18:15:27 +05:30:     at wrapModuleLoad (node:internal/modules/cjs/loader:255:19)
2026-05-23 18:15:27 +05:30:     at Module.require (node:internal/modules/cjs/loader:1556:12)
2026-05-23 18:15:27 +05:30:     at require (node:internal/modules/helpers:152:16)
2026-05-23 18:15:27 +05:30:     at Object.<anonymous> (C:\Users\md464\OneDrive\Documents\Desktop\BitzenX\server\dist\index.js:8:21)
2026-05-23 18:15:27 +05:30:     at Module._compile (node:internal/modules/cjs/loader:1812:14)
2026-05-23 18:15:28 +05:30: Error: ADMIN_SESSION_SECRET must be configured with a non-default value in production.
2026-05-23 18:15:28 +05:30:     at Object.<anonymous> (C:\Users\md464\OneDrive\Documents\Desktop\BitzenX\server\dist\config.js:28:15)
2026-05-23 18:15:28 +05:30:     at Module._compile (node:internal/modules/cjs/loader:1812:14)
2026-05-23 18:15:28 +05:30:     at Object..js (node:internal/modules/cjs/loader:1943:10)
2026-05-23 18:15:28 +05:30:     at Module.load (node:internal/modules/cjs/loader:1533:32)
2026-05-23 18:15:28 +05:30:     at Module._load (node:internal/modules/cjs/loader:1335:12)
2026-05-23 18:15:28 +05:30:     at wrapModuleLoad (node:internal/modules/cjs/loader:255:19)
2026-05-23 18:15:28 +05:30:     at Module.require (node:internal/modules/cjs/loader:1556:12)
2026-05-23 18:15:28 +05:30:     at require (node:internal/modules/helpers:152:16)
2026-05-23 18:15:28 +05:30:     at Object.<anonymous> (C:\Users\md464\OneDrive\Documents\Desktop\BitzenX\server\dist\index.js:8:21)
2026-05-23 18:15:28 +05:30:     at Module._compile (node:internal/modules/cjs/loader:1812:14)
2026-05-23 18:15:28 +05:30: Error: ADMIN_SESSION_SECRET must be configured with a non-default value in production.
2026-05-23 18:15:28 +05:30:     at Object.<anonymous> (C:\Users\md464\OneDrive\Documents\Desktop\BitzenX\server\dist\config.js:28:15)
2026-05-23 18:15:28 +05:30:     at Module._compile (node:internal/modules/cjs/loader:1812:14)
2026-05-23 18:15:28 +05:30:     at Object..js (node:internal/modules/cjs/loader:1943:10)
2026-05-23 18:15:28 +05:30:     at Module.load (node:internal/modules/cjs/loader:1533:32)
2026-05-23 18:15:28 +05:30:     at Module._load (node:internal/modules/cjs/loader:1335:12)
2026-05-23 18:15:28 +05:30:     at wrapModuleLoad (node:internal/modules/cjs/loader:255:19)
2026-05-23 18:15:28 +05:30:     at Module.require (node:internal/modules/cjs/loader:1556:12)
2026-05-23 18:15:28 +05:30:     at require (node:internal/modules/helpers:152:16)
2026-05-23 18:15:28 +05:30:     at Object.<anonymous> (C:\Users\md464\OneDrive\Documents\Desktop\BitzenX\server\dist\index.js:8:21)
2026-05-23 18:15:28 +05:30:     at Module._compile (node:internal/modules/cjs/loader:1812:14)
2026-05-23 18:15:28 +05:30: Error: ADMIN_SESSION_SECRET must be configured with a non-default value in production.
2026-05-23 18:15:28 +05:30:     at Object.<anonymous> (C:\Users\md464\OneDrive\Documents\Desktop\BitzenX\server\dist\config.js:28:15)
2026-05-23 18:15:28 +05:30:     at Module._compile (node:internal/modules/cjs/loader:1812:14)
2026-05-23 18:15:28 +05:30:     at Object..js (node:internal/modules/cjs/loader:1943:10)
2026-05-23 18:15:28 +05:30:     at Module.load (node:internal/modules/cjs/loader:1533:32)
2026-05-23 18:15:28 +05:30:     at Module._load (node:internal/modules/cjs/loader:1335:12)
2026-05-23 18:15:28 +05:30:     at wrapModuleLoad (node:internal/modules/cjs/loader:255:19)
2026-05-23 18:15:28 +05:30:     at Module.require (node:internal/modules/cjs/loader:1556:12)
2026-05-23 18:15:28 +05:30:     at require (node:internal/modules/helpers:152:16)
2026-05-23 18:15:28 +05:30:     at Object.<anonymous> (C:\Users\md464\OneDrive\Documents\Desktop\BitzenX\server\dist\index.js:8:21)
2026-05-23 18:15:28 +05:30:     at Module._compile (node:internal/modules/cjs/loader:1812:14)
2026-05-23 18:15:29 +05:30: Error: ADMIN_SESSION_SECRET must be configured with a non-default value in production.
2026-05-23 18:15:29 +05:30:     at Object.<anonymous> (C:\Users\md464\OneDrive\Documents\Desktop\BitzenX\server\dist\config.js:28:15)
2026-05-23 18:15:29 +05:30:     at Module._compile (node:internal/modules/cjs/loader:1812:14)
2026-05-23 18:15:29 +05:30:     at Object..js (node:internal/modules/cjs/loader:1943:10)
2026-05-23 18:15:29 +05:30:     at Module.load (node:internal/modules/cjs/loader:1533:32)
2026-05-23 18:15:29 +05:30:     at Module._load (node:internal/modules/cjs/loader:1335:12)
2026-05-23 18:15:29 +05:30:     at wrapModuleLoad (node:internal/modules/cjs/loader:255:19)
2026-05-23 18:15:29 +05:30:     at Module.require (node:internal/modules/cjs/loader:1556:12)
2026-05-23 18:15:29 +05:30:     at require (node:internal/modules/helpers:152:16)
2026-05-23 18:15:29 +05:30:     at Object.<anonymous> (C:\Users\md464\OneDrive\Documents\Desktop\BitzenX\server\dist\index.js:8:21)
2026-05-23 18:15:29 +05:30:     at Module._compile (node:internal/modules/cjs/loader:1812:14)
2026-05-23 18:15:29 +05:30: Error: ADMIN_SESSION_SECRET must be configured with a non-default value in production.
2026-05-23 18:15:29 +05:30:     at Object.<anonymous> (C:\Users\md464\OneDrive\Documents\Desktop\BitzenX\server\dist\config.js:28:15)
2026-05-23 18:15:29 +05:30:     at Module._compile (node:internal/modules/cjs/loader:1812:14)
2026-05-23 18:15:29 +05:30:     at Object..js (node:internal/modules/cjs/loader:1943:10)
2026-05-23 18:15:29 +05:30:     at Module.load (node:internal/modules/cjs/loader:1533:32)
2026-05-23 18:15:29 +05:30:     at Module._load (node:internal/modules/cjs/loader:1335:12)
2026-05-23 18:15:29 +05:30:     at wrapModuleLoad (node:internal/modules/cjs/loader:255:19)
2026-05-23 18:15:29 +05:30:     at Module.require (node:internal/modules/cjs/loader:1556:12)
2026-05-23 18:15:29 +05:30:     at require (node:internal/modules/helpers:152:16)
2026-05-23 18:15:29 +05:30:     at Object.<anonymous> (C:\Users\md464\OneDrive\Documents\Desktop\BitzenX\server\dist\index.js:8:21)
2026-05-23 18:15:29 +05:30:     at Module._compile (node:internal/modules/cjs/loader:1812:14)
2026-05-23 18:15:29 +05:30: Error: ADMIN_SESSION_SECRET must be configured with a non-default value in production.
2026-05-23 18:15:29 +05:30:     at Object.<anonymous> (C:\Users\md464\OneDrive\Documents\Desktop\BitzenX\server\dist\config.js:28:15)
2026-05-23 18:15:29 +05:30:     at Module._compile (node:internal/modules/cjs/loader:1812:14)
2026-05-23 18:15:29 +05:30:     at Object..js (node:internal/modules/cjs/loader:1943:10)
2026-05-23 18:15:29 +05:30:     at Module.load (node:internal/modules/cjs/loader:1533:32)
2026-05-23 18:15:29 +05:30:     at Module._load (node:internal/modules/cjs/loader:1335:12)
2026-05-23 18:15:29 +05:30:     at wrapModuleLoad (node:internal/modules/cjs/loader:255:19)
2026-05-23 18:15:29 +05:30:     at Module.require (node:internal/modules/cjs/loader:1556:12)
2026-05-23 18:15:29 +05:30:     at require (node:internal/modules/helpers:152:16)
2026-05-23 18:15:29 +05:30:     at Object.<anonymous> (C:\Users\md464\OneDrive\Documents\Desktop\BitzenX\server\dist\index.js:8:21)
2026-05-23 18:15:29 +05:30:     at Module._compile (node:internal/modules/cjs/loader:1812:14)
2026-05-23 18:15:30 +05:30: Error: ADMIN_SESSION_SECRET must be configured with a non-default value in production.
2026-05-23 18:15:30 +05:30:     at Object.<anonymous> (C:\Users\md464\OneDrive\Documents\Desktop\BitzenX\server\dist\config.js:28:15)
2026-05-23 18:15:30 +05:30:     at Module._compile (node:internal/modules/cjs/loader:1812:14)
2026-05-23 18:15:30 +05:30:     at Object..js (node:internal/modules/cjs/loader:1943:10)
2026-05-23 18:15:30 +05:30:     at Module.load (node:internal/modules/cjs/loader:1533:32)
2026-05-23 18:15:30 +05:30:     at Module._load (node:internal/modules/cjs/loader:1335:12)
2026-05-23 18:15:30 +05:30:     at wrapModuleLoad (node:internal/modules/cjs/loader:255:19)
2026-05-23 18:15:30 +05:30:     at Module.require (node:internal/modules/cjs/loader:1556:12)
2026-05-23 18:15:30 +05:30:     at require (node:internal/modules/helpers:152:16)
2026-05-23 18:15:30 +05:30:     at Object.<anonymous> (C:\Users\md464\OneDrive\Documents\Desktop\BitzenX\server\dist\index.js:8:21)
2026-05-23 18:15:30 +05:30:     at Module._compile (node:internal/modules/cjs/loader:1812:14)
2026-05-23 18:15:30 +05:30: Error: ADMIN_SESSION_SECRET must be configured with a non-default value in production.
2026-05-23 18:15:30 +05:30:     at Object.<anonymous> (C:\Users\md464\OneDrive\Documents\Desktop\BitzenX\server\dist\config.js:28:15)
2026-05-23 18:15:30 +05:30:     at Module._compile (node:internal/modules/cjs/loader:1812:14)
2026-05-23 18:15:30 +05:30:     at Object..js (node:internal/modules/cjs/loader:1943:10)
2026-05-23 18:15:30 +05:30:     at Module.load (node:internal/modules/cjs/loader:1533:32)
2026-05-23 18:15:30 +05:30:     at Module._load (node:internal/modules/cjs/loader:1335:12)
2026-05-23 18:15:30 +05:30:     at wrapModuleLoad (node:internal/modules/cjs/loader:255:19)
2026-05-23 18:15:30 +05:30:     at Module.require (node:internal/modules/cjs/loader:1556:12)
2026-05-23 18:15:30 +05:30:     at require (node:internal/modules/helpers:152:16)
2026-05-23 18:15:30 +05:30:     at Object.<anonymous> (C:\Users\md464\OneDrive\Documents\Desktop\BitzenX\server\dist\index.js:8:21)
2026-05-23 18:15:30 +05:30:     at Module._compile (node:internal/modules/cjs/loader:1812:14)
2026-05-23 18:15:31 +05:30: Error: ADMIN_SESSION_SECRET must be configured with a non-default value in production.
2026-05-23 18:15:31 +05:30:     at Object.<anonymous> (C:\Users\md464\OneDrive\Documents\Desktop\BitzenX\server\dist\config.js:28:15)
2026-05-23 18:15:31 +05:30:     at Module._compile (node:internal/modules/cjs/loader:1812:14)
2026-05-23 18:15:31 +05:30:     at Object..js (node:internal/modules/cjs/loader:1943:10)
2026-05-23 18:15:31 +05:30:     at Module.load (node:internal/modules/cjs/loader:1533:32)
2026-05-23 18:15:31 +05:30:     at Module._load (node:internal/modules/cjs/loader:1335:12)
2026-05-23 18:15:31 +05:30:     at wrapModuleLoad (node:internal/modules/cjs/loader:255:19)
2026-05-23 18:15:31 +05:30:     at Module.require (node:internal/modules/cjs/loader:1556:12)
2026-05-23 18:15:31 +05:30:     at require (node:internal/modules/helpers:152:16)
2026-05-23 18:15:31 +05:30:     at Object.<anonymous> (C:\Users\md464\OneDrive\Documents\Desktop\BitzenX\server\dist\index.js:8:21)
2026-05-23 18:15:31 +05:30:     at Module._compile (node:internal/modules/cjs/loader:1812:14)
2026-05-23 18:15:31 +05:30: Error: ADMIN_SESSION_SECRET must be configured with a non-default value in production.
2026-05-23 18:15:31 +05:30:     at Object.<anonymous> (C:\Users\md464\OneDrive\Documents\Desktop\BitzenX\server\dist\config.js:28:15)
2026-05-23 18:15:31 +05:30:     at Module._compile (node:internal/modules/cjs/loader:1812:14)
2026-05-23 18:15:31 +05:30:     at Object..js (node:internal/modules/cjs/loader:1943:10)
2026-05-23 18:15:31 +05:30:     at Module.load (node:internal/modules/cjs/loader:1533:32)
2026-05-23 18:15:31 +05:30:     at Module._load (node:internal/modules/cjs/loader:1335:12)
2026-05-23 18:15:31 +05:30:     at wrapModuleLoad (node:internal/modules/cjs/loader:255:19)
2026-05-23 18:15:31 +05:30:     at Module.require (node:internal/modules/cjs/loader:1556:12)
2026-05-23 18:15:31 +05:30:     at require (node:internal/modules/helpers:152:16)
2026-05-23 18:15:31 +05:30:     at Object.<anonymous> (C:\Users\md464\OneDrive\Documents\Desktop\BitzenX\server\dist\index.js:8:21)
2026-05-23 18:15:31 +05:30:     at Module._compile (node:internal/modules/cjs/loader:1812:14)
2026-05-23 18:15:32 +05:30: Error: ADMIN_SESSION_SECRET must be configured with a non-default value in production.
2026-05-23 18:15:32 +05:30:     at Object.<anonymous> (C:\Users\md464\OneDrive\Documents\Desktop\BitzenX\server\dist\config.js:28:15)
2026-05-23 18:15:32 +05:30:     at Module._compile (node:internal/modules/cjs/loader:1812:14)
2026-05-23 18:15:32 +05:30:     at Object..js (node:internal/modules/cjs/loader:1943:10)
2026-05-23 18:15:32 +05:30:     at Module.load (node:internal/modules/cjs/loader:1533:32)
2026-05-23 18:15:32 +05:30:     at Module._load (node:internal/modules/cjs/loader:1335:12)
2026-05-23 18:15:32 +05:30:     at wrapModuleLoad (node:internal/modules/cjs/loader:255:19)
2026-05-23 18:15:32 +05:30:     at Module.require (node:internal/modules/cjs/loader:1556:12)
2026-05-23 18:15:32 +05:30:     at require (node:internal/modules/helpers:152:16)
2026-05-23 18:15:32 +05:30:     at Object.<anonymous> (C:\Users\md464\OneDrive\Documents\Desktop\BitzenX\server\dist\index.js:8:21)
2026-05-23 18:15:32 +05:30:     at Module._compile (node:internal/modules/cjs/loader:1812:14)
2026-05-23 18:15:32 +05:30: Error: ADMIN_SESSION_SECRET must be configured with a non-default value in production.
2026-05-23 18:15:32 +05:30:     at Object.<anonymous> (C:\Users\md464\OneDrive\Documents\Desktop\BitzenX\server\dist\config.js:28:15)
2026-05-23 18:15:32 +05:30:     at Module._compile (node:internal/modules/cjs/loader:1812:14)
2026-05-23 18:15:32 +05:30:     at Object..js (node:internal/modules/cjs/loader:1943:10)
2026-05-23 18:15:32 +05:30:     at Module.load (node:internal/modules/cjs/loader:1533:32)
2026-05-23 18:15:32 +05:30:     at Module._load (node:internal/modules/cjs/loader:1335:12)
2026-05-23 18:15:32 +05:30:     at wrapModuleLoad (node:internal/modules/cjs/loader:255:19)
2026-05-23 18:15:32 +05:30:     at Module.require (node:internal/modules/cjs/loader:1556:12)
2026-05-23 18:15:32 +05:30:     at require (node:internal/modules/helpers:152:16)
2026-05-23 18:15:32 +05:30:     at Object.<anonymous> (C:\Users\md464\OneDrive\Documents\Desktop\BitzenX\server\dist\index.js:8:21)
2026-05-23 18:15:32 +05:30:     at Module._compile (node:internal/modules/cjs/loader:1812:14)
2026-05-23 18:16:29 +05:30: Error: ADMIN_SESSION_SECRET must be configured with a non-default value in production.
2026-05-23 18:16:29 +05:30:     at Object.<anonymous> (C:\Users\md464\OneDrive\Documents\Desktop\BitzenX\server\dist\config.js:28:15)
2026-05-23 18:16:29 +05:30:     at Module._compile (node:internal/modules/cjs/loader:1812:14)
2026-05-23 18:16:29 +05:30:     at Object..js (node:internal/modules/cjs/loader:1943:10)
2026-05-23 18:16:29 +05:30:     at Module.load (node:internal/modules/cjs/loader:1533:32)
2026-05-23 18:16:29 +05:30:     at Module._load (node:internal/modules/cjs/loader:1335:12)
2026-05-23 18:16:29 +05:30:     at wrapModuleLoad (node:internal/modules/cjs/loader:255:19)
2026-05-23 18:16:29 +05:30:     at Module.require (node:internal/modules/cjs/loader:1556:12)
2026-05-23 18:16:29 +05:30:     at require (node:internal/modules/helpers:152:16)
2026-05-23 18:16:29 +05:30:     at Object.<anonymous> (C:\Users\md464\OneDrive\Documents\Desktop\BitzenX\server\dist\index.js:8:21)
2026-05-23 18:16:29 +05:30:     at Module._compile (node:internal/modules/cjs/loader:1812:14)
2026-05-23 18:16:29 +05:30: Error: ADMIN_SESSION_SECRET must be configured with a non-default value in production.
2026-05-23 18:16:29 +05:30:     at Object.<anonymous> (C:\Users\md464\OneDrive\Documents\Desktop\BitzenX\server\dist\config.js:28:15)
2026-05-23 18:16:29 +05:30:     at Module._compile (node:internal/modules/cjs/loader:1812:14)
2026-05-23 18:16:29 +05:30:     at Object..js (node:internal/modules/cjs/loader:1943:10)
2026-05-23 18:16:29 +05:30:     at Module.load (node:internal/modules/cjs/loader:1533:32)
2026-05-23 18:16:29 +05:30:     at Module._load (node:internal/modules/cjs/loader:1335:12)
2026-05-23 18:16:29 +05:30:     at wrapModuleLoad (node:internal/modules/cjs/loader:255:19)
2026-05-23 18:16:29 +05:30:     at Module.require (node:internal/modules/cjs/loader:1556:12)
2026-05-23 18:16:29 +05:30:     at require (node:internal/modules/helpers:152:16)
2026-05-23 18:16:29 +05:30:     at Object.<anonymous> (C:\Users\md464\OneDrive\Documents\Desktop\BitzenX\server\dist\index.js:8:21)
2026-05-23 18:16:29 +05:30:     at Module._compile (node:internal/modules/cjs/loader:1812:14)
2026-05-23 18:16:30 +05:30: Error: ADMIN_SESSION_SECRET must be configured with a non-default value in production.
2026-05-23 18:16:30 +05:30:     at Object.<anonymous> (C:\Users\md464\OneDrive\Documents\Desktop\BitzenX\server\dist\config.js:28:15)
2026-05-23 18:16:30 +05:30:     at Module._compile (node:internal/modules/cjs/loader:1812:14)
2026-05-23 18:16:30 +05:30:     at Object..js (node:internal/modules/cjs/loader:1943:10)
2026-05-23 18:16:30 +05:30:     at Module.load (node:internal/modules/cjs/loader:1533:32)
2026-05-23 18:16:30 +05:30:     at Module._load (node:internal/modules/cjs/loader:1335:12)
2026-05-23 18:16:30 +05:30:     at wrapModuleLoad (node:internal/modules/cjs/loader:255:19)
2026-05-23 18:16:30 +05:30:     at Module.require (node:internal/modules/cjs/loader:1556:12)
2026-05-23 18:16:30 +05:30:     at require (node:internal/modules/helpers:152:16)
2026-05-23 18:16:30 +05:30:     at Object.<anonymous> (C:\Users\md464\OneDrive\Documents\Desktop\BitzenX\server\dist\index.js:8:21)
2026-05-23 18:16:30 +05:30:     at Module._compile (node:internal/modules/cjs/loader:1812:14)
2026-05-23 18:16:30 +05:30: Error: ADMIN_SESSION_SECRET must be configured with a non-default value in production.
2026-05-23 18:16:30 +05:30:     at Object.<anonymous> (C:\Users\md464\OneDrive\Documents\Desktop\BitzenX\server\dist\config.js:28:15)
2026-05-23 18:16:30 +05:30:     at Module._compile (node:internal/modules/cjs/loader:1812:14)
2026-05-23 18:16:30 +05:30:     at Object..js (node:internal/modules/cjs/loader:1943:10)
2026-05-23 18:16:30 +05:30:     at Module.load (node:internal/modules/cjs/loader:1533:32)
2026-05-23 18:16:30 +05:30:     at Module._load (node:internal/modules/cjs/loader:1335:12)
2026-05-23 18:16:30 +05:30:     at wrapModuleLoad (node:internal/modules/cjs/loader:255:19)
2026-05-23 18:16:30 +05:30:     at Module.require (node:internal/modules/cjs/loader:1556:12)
2026-05-23 18:16:30 +05:30:     at require (node:internal/modules/helpers:152:16)
2026-05-23 18:16:30 +05:30:     at Object.<anonymous> (C:\Users\md464\OneDrive\Documents\Desktop\BitzenX\server\dist\index.js:8:21)
2026-05-23 18:16:30 +05:30:     at Module._compile (node:internal/modules/cjs/loader:1812:14)
2026-05-23 18:16:31 +05:30: Error: ADMIN_SESSION_SECRET must be configured with a non-default value in production.
2026-05-23 18:16:31 +05:30:     at Object.<anonymous> (C:\Users\md464\OneDrive\Documents\Desktop\BitzenX\server\dist\config.js:28:15)
2026-05-23 18:16:31 +05:30:     at Module._compile (node:internal/modules/cjs/loader:1812:14)
2026-05-23 18:16:31 +05:30:     at Object..js (node:internal/modules/cjs/loader:1943:10)
2026-05-23 18:16:31 +05:30:     at Module.load (node:internal/modules/cjs/loader:1533:32)
2026-05-23 18:16:31 +05:30:     at Module._load (node:internal/modules/cjs/loader:1335:12)
2026-05-23 18:16:31 +05:30:     at wrapModuleLoad (node:internal/modules/cjs/loader:255:19)
2026-05-23 18:16:31 +05:30:     at Module.require (node:internal/modules/cjs/loader:1556:12)
2026-05-23 18:16:31 +05:30:     at require (node:internal/modules/helpers:152:16)
2026-05-23 18:16:31 +05:30:     at Object.<anonymous> (C:\Users\md464\OneDrive\Documents\Desktop\BitzenX\server\dist\index.js:8:21)
2026-05-23 18:16:31 +05:30:     at Module._compile (node:internal/modules/cjs/loader:1812:14)
2026-05-23 18:16:31 +05:30: Error: ADMIN_SESSION_SECRET must be configured with a non-default value in production.
2026-05-23 18:16:31 +05:30:     at Object.<anonymous> (C:\Users\md464\OneDrive\Documents\Desktop\BitzenX\server\dist\config.js:28:15)
2026-05-23 18:16:31 +05:30:     at Module._compile (node:internal/modules/cjs/loader:1812:14)
2026-05-23 18:16:31 +05:30:     at Object..js (node:internal/modules/cjs/loader:1943:10)
2026-05-23 18:16:31 +05:30:     at Module.load (node:internal/modules/cjs/loader:1533:32)
2026-05-23 18:16:31 +05:30:     at Module._load (node:internal/modules/cjs/loader:1335:12)
2026-05-23 18:16:31 +05:30:     at wrapModuleLoad (node:internal/modules/cjs/loader:255:19)
2026-05-23 18:16:31 +05:30:     at Module.require (node:internal/modules/cjs/loader:1556:12)
2026-05-23 18:16:31 +05:30:     at require (node:internal/modules/helpers:152:16)
2026-05-23 18:16:31 +05:30:     at Object.<anonymous> (C:\Users\md464\OneDrive\Documents\Desktop\BitzenX\server\dist\index.js:8:21)
2026-05-23 18:16:31 +05:30:     at Module._compile (node:internal/modules/cjs/loader:1812:14)
2026-05-23 18:16:31 +05:30: Error: ADMIN_SESSION_SECRET must be configured with a non-default value in production.
2026-05-23 18:16:31 +05:30:     at Object.<anonymous> (C:\Users\md464\OneDrive\Documents\Desktop\BitzenX\server\dist\config.js:28:15)
2026-05-23 18:16:31 +05:30:     at Module._compile (node:internal/modules/cjs/loader:1812:14)
2026-05-23 18:16:31 +05:30:     at Object..js (node:internal/modules/cjs/loader:1943:10)
2026-05-23 18:16:31 +05:30:     at Module.load (node:internal/modules/cjs/loader:1533:32)
2026-05-23 18:16:31 +05:30:     at Module._load (node:internal/modules/cjs/loader:1335:12)
2026-05-23 18:16:31 +05:30:     at wrapModuleLoad (node:internal/modules/cjs/loader:255:19)
2026-05-23 18:16:31 +05:30:     at Module.require (node:internal/modules/cjs/loader:1556:12)
2026-05-23 18:16:31 +05:30:     at require (node:internal/modules/helpers:152:16)
2026-05-23 18:16:31 +05:30:     at Object.<anonymous> (C:\Users\md464\OneDrive\Documents\Desktop\BitzenX\server\dist\index.js:8:21)
2026-05-23 18:16:31 +05:30:     at Module._compile (node:internal/modules/cjs/loader:1812:14)
2026-05-23 18:16:32 +05:30: Error: ADMIN_SESSION_SECRET must be configured with a non-default value in production.
2026-05-23 18:16:32 +05:30:     at Object.<anonymous> (C:\Users\md464\OneDrive\Documents\Desktop\BitzenX\server\dist\config.js:28:15)
2026-05-23 18:16:32 +05:30:     at Module._compile (node:internal/modules/cjs/loader:1812:14)
2026-05-23 18:16:32 +05:30:     at Object..js (node:internal/modules/cjs/loader:1943:10)
2026-05-23 18:16:32 +05:30:     at Module.load (node:internal/modules/cjs/loader:1533:32)
2026-05-23 18:16:32 +05:30:     at Module._load (node:internal/modules/cjs/loader:1335:12)
2026-05-23 18:16:32 +05:30:     at wrapModuleLoad (node:internal/modules/cjs/loader:255:19)
2026-05-23 18:16:32 +05:30:     at Module.require (node:internal/modules/cjs/loader:1556:12)
2026-05-23 18:16:32 +05:30:     at require (node:internal/modules/helpers:152:16)
2026-05-23 18:16:32 +05:30:     at Object.<anonymous> (C:\Users\md464\OneDrive\Documents\Desktop\BitzenX\server\dist\index.js:8:21)
2026-05-23 18:16:32 +05:30:     at Module._compile (node:internal/modules/cjs/loader:1812:14)
2026-05-23 18:16:32 +05:30: Error: ADMIN_SESSION_SECRET must be configured with a non-default value in production.
2026-05-23 18:16:32 +05:30:     at Object.<anonymous> (C:\Users\md464\OneDrive\Documents\Desktop\BitzenX\server\dist\config.js:28:15)
2026-05-23 18:16:32 +05:30:     at Module._compile (node:internal/modules/cjs/loader:1812:14)
2026-05-23 18:16:32 +05:30:     at Object..js (node:internal/modules/cjs/loader:1943:10)
2026-05-23 18:16:32 +05:30:     at Module.load (node:internal/modules/cjs/loader:1533:32)
2026-05-23 18:16:32 +05:30:     at Module._load (node:internal/modules/cjs/loader:1335:12)
2026-05-23 18:16:32 +05:30:     at wrapModuleLoad (node:internal/modules/cjs/loader:255:19)
2026-05-23 18:16:32 +05:30:     at Module.require (node:internal/modules/cjs/loader:1556:12)
2026-05-23 18:16:32 +05:30:     at require (node:internal/modules/helpers:152:16)
2026-05-23 18:16:32 +05:30:     at Object.<anonymous> (C:\Users\md464\OneDrive\Documents\Desktop\BitzenX\server\dist\index.js:8:21)
2026-05-23 18:16:32 +05:30:     at Module._compile (node:internal/modules/cjs/loader:1812:14)
2026-05-23 18:16:32 +05:30: Error: ADMIN_SESSION_SECRET must be configured with a non-default value in production.
2026-05-23 18:16:32 +05:30:     at Object.<anonymous> (C:\Users\md464\OneDrive\Documents\Desktop\BitzenX\server\dist\config.js:28:15)
2026-05-23 18:16:32 +05:30:     at Module._compile (node:internal/modules/cjs/loader:1812:14)
2026-05-23 18:16:32 +05:30:     at Object..js (node:internal/modules/cjs/loader:1943:10)
2026-05-23 18:16:32 +05:30:     at Module.load (node:internal/modules/cjs/loader:1533:32)
2026-05-23 18:16:32 +05:30:     at Module._load (node:internal/modules/cjs/loader:1335:12)
2026-05-23 18:16:32 +05:30:     at wrapModuleLoad (node:internal/modules/cjs/loader:255:19)
2026-05-23 18:16:32 +05:30:     at Module.require (node:internal/modules/cjs/loader:1556:12)
2026-05-23 18:16:32 +05:30:     at require (node:internal/modules/helpers:152:16)
2026-05-23 18:16:32 +05:30:     at Object.<anonymous> (C:\Users\md464\OneDrive\Documents\Desktop\BitzenX\server\dist\index.js:8:21)
2026-05-23 18:16:32 +05:30:     at Module._compile (node:internal/modules/cjs/loader:1812:14)
2026-05-23 18:16:33 +05:30: Error: ADMIN_SESSION_SECRET must be configured with a non-default value in production.
2026-05-23 18:16:33 +05:30:     at Object.<anonymous> (C:\Users\md464\OneDrive\Documents\Desktop\BitzenX\server\dist\config.js:28:15)
2026-05-23 18:16:33 +05:30:     at Module._compile (node:internal/modules/cjs/loader:1812:14)
2026-05-23 18:16:33 +05:30:     at Object..js (node:internal/modules/cjs/loader:1943:10)
2026-05-23 18:16:33 +05:30:     at Module.load (node:internal/modules/cjs/loader:1533:32)
2026-05-23 18:16:33 +05:30:     at Module._load (node:internal/modules/cjs/loader:1335:12)
2026-05-23 18:16:33 +05:30:     at wrapModuleLoad (node:internal/modules/cjs/loader:255:19)
2026-05-23 18:16:33 +05:30:     at Module.require (node:internal/modules/cjs/loader:1556:12)
2026-05-23 18:16:33 +05:30:     at require (node:internal/modules/helpers:152:16)
2026-05-23 18:16:33 +05:30:     at Object.<anonymous> (C:\Users\md464\OneDrive\Documents\Desktop\BitzenX\server\dist\index.js:8:21)
2026-05-23 18:16:33 +05:30:     at Module._compile (node:internal/modules/cjs/loader:1812:14)
2026-05-23 18:16:33 +05:30: Error: ADMIN_SESSION_SECRET must be configured with a non-default value in production.
2026-05-23 18:16:33 +05:30:     at Object.<anonymous> (C:\Users\md464\OneDrive\Documents\Desktop\BitzenX\server\dist\config.js:28:15)
2026-05-23 18:16:33 +05:30:     at Module._compile (node:internal/modules/cjs/loader:1812:14)
2026-05-23 18:16:33 +05:30:     at Object..js (node:internal/modules/cjs/loader:1943:10)
2026-05-23 18:16:33 +05:30:     at Module.load (node:internal/modules/cjs/loader:1533:32)
2026-05-23 18:16:33 +05:30:     at Module._load (node:internal/modules/cjs/loader:1335:12)
2026-05-23 18:16:33 +05:30:     at wrapModuleLoad (node:internal/modules/cjs/loader:255:19)
2026-05-23 18:16:33 +05:30:     at Module.require (node:internal/modules/cjs/loader:1556:12)
2026-05-23 18:16:33 +05:30:     at require (node:internal/modules/helpers:152:16)
2026-05-23 18:16:33 +05:30:     at Object.<anonymous> (C:\Users\md464\OneDrive\Documents\Desktop\BitzenX\server\dist\index.js:8:21)
2026-05-23 18:16:33 +05:30:     at Module._compile (node:internal/modules/cjs/loader:1812:14)
2026-05-23 18:16:33 +05:30: Error: ADMIN_SESSION_SECRET must be configured with a non-default value in production.
2026-05-23 18:16:33 +05:30:     at Object.<anonymous> (C:\Users\md464\OneDrive\Documents\Desktop\BitzenX\server\dist\config.js:28:15)
2026-05-23 18:16:33 +05:30:     at Module._compile (node:internal/modules/cjs/loader:1812:14)
2026-05-23 18:16:33 +05:30:     at Object..js (node:internal/modules/cjs/loader:1943:10)
2026-05-23 18:16:33 +05:30:     at Module.load (node:internal/modules/cjs/loader:1533:32)
2026-05-23 18:16:33 +05:30:     at Module._load (node:internal/modules/cjs/loader:1335:12)
2026-05-23 18:16:33 +05:30:     at wrapModuleLoad (node:internal/modules/cjs/loader:255:19)
2026-05-23 18:16:33 +05:30:     at Module.require (node:internal/modules/cjs/loader:1556:12)
2026-05-23 18:16:33 +05:30:     at require (node:internal/modules/helpers:152:16)
2026-05-23 18:16:33 +05:30:     at Object.<anonymous> (C:\Users\md464\OneDrive\Documents\Desktop\BitzenX\server\dist\index.js:8:21)
2026-05-23 18:16:33 +05:30:     at Module._compile (node:internal/modules/cjs/loader:1812:14)
2026-05-23 18:16:34 +05:30: Error: ADMIN_SESSION_SECRET must be configured with a non-default value in production.
2026-05-23 18:16:34 +05:30:     at Object.<anonymous> (C:\Users\md464\OneDrive\Documents\Desktop\BitzenX\server\dist\config.js:28:15)
2026-05-23 18:16:34 +05:30:     at Module._compile (node:internal/modules/cjs/loader:1812:14)
2026-05-23 18:16:34 +05:30:     at Object..js (node:internal/modules/cjs/loader:1943:10)
2026-05-23 18:16:34 +05:30:     at Module.load (node:internal/modules/cjs/loader:1533:32)
2026-05-23 18:16:34 +05:30:     at Module._load (node:internal/modules/cjs/loader:1335:12)
2026-05-23 18:16:34 +05:30:     at wrapModuleLoad (node:internal/modules/cjs/loader:255:19)
2026-05-23 18:16:34 +05:30:     at Module.require (node:internal/modules/cjs/loader:1556:12)
2026-05-23 18:16:34 +05:30:     at require (node:internal/modules/helpers:152:16)
2026-05-23 18:16:34 +05:30:     at Object.<anonymous> (C:\Users\md464\OneDrive\Documents\Desktop\BitzenX\server\dist\index.js:8:21)
2026-05-23 18:16:34 +05:30:     at Module._compile (node:internal/modules/cjs/loader:1812:14)
2026-05-23 18:16:34 +05:30: Error: ADMIN_SESSION_SECRET must be configured with a non-default value in production.
2026-05-23 18:16:34 +05:30:     at Object.<anonymous> (C:\Users\md464\OneDrive\Documents\Desktop\BitzenX\server\dist\config.js:28:15)
2026-05-23 18:16:34 +05:30:     at Module._compile (node:internal/modules/cjs/loader:1812:14)
2026-05-23 18:16:34 +05:30:     at Object..js (node:internal/modules/cjs/loader:1943:10)
2026-05-23 18:16:34 +05:30:     at Module.load (node:internal/modules/cjs/loader:1533:32)
2026-05-23 18:16:34 +05:30:     at Module._load (node:internal/modules/cjs/loader:1335:12)
2026-05-23 18:16:34 +05:30:     at wrapModuleLoad (node:internal/modules/cjs/loader:255:19)
2026-05-23 18:16:34 +05:30:     at Module.require (node:internal/modules/cjs/loader:1556:12)
2026-05-23 18:16:34 +05:30:     at require (node:internal/modules/helpers:152:16)
2026-05-23 18:16:34 +05:30:     at Object.<anonymous> (C:\Users\md464\OneDrive\Documents\Desktop\BitzenX\server\dist\index.js:8:21)
2026-05-23 18:16:34 +05:30:     at Module._compile (node:internal/modules/cjs/loader:1812:14)
2026-05-23 18:16:34 +05:30: Error: ADMIN_SESSION_SECRET must be configured with a non-default value in production.
2026-05-23 18:16:34 +05:30:     at Object.<anonymous> (C:\Users\md464\OneDrive\Documents\Desktop\BitzenX\server\dist\config.js:28:15)
2026-05-23 18:16:34 +05:30:     at Module._compile (node:internal/modules/cjs/loader:1812:14)
2026-05-23 18:16:34 +05:30:     at Object..js (node:internal/modules/cjs/loader:1943:10)
2026-05-23 18:16:34 +05:30:     at Module.load (node:internal/modules/cjs/loader:1533:32)
2026-05-23 18:16:34 +05:30:     at Module._load (node:internal/modules/cjs/loader:1335:12)
2026-05-23 18:16:34 +05:30:     at wrapModuleLoad (node:internal/modules/cjs/loader:255:19)
2026-05-23 18:16:34 +05:30:     at Module.require (node:internal/modules/cjs/loader:1556:12)
2026-05-23 18:16:34 +05:30:     at require (node:internal/modules/helpers:152:16)
2026-05-23 18:16:34 +05:30:     at Object.<anonymous> (C:\Users\md464\OneDrive\Documents\Desktop\BitzenX\server\dist\index.js:8:21)
2026-05-23 18:16:34 +05:30:     at Module._compile (node:internal/modules/cjs/loader:1812:14)
