2026-05-22 00:40:04 +05:30: Error: ADMIN_SESSION_SECRET must be configured with a non-default value in production.
2026-05-22 00:40:04 +05:30:     at Object.<anonymous> (C:\Users\md464\OneDrive\Documents\Desktop\BitzenX\server\dist\config.js:27:15)
2026-05-22 00:40:04 +05:30:     at Module._compile (node:internal/modules/cjs/loader:1812:14)
2026-05-22 00:40:04 +05:30:     at Object..js (node:internal/modules/cjs/loader:1943:10)
2026-05-22 00:40:04 +05:30:     at Module.load (node:internal/modules/cjs/loader:1533:32)
2026-05-22 00:40:04 +05:30:     at Module._load (node:internal/modules/cjs/loader:1335:12)
2026-05-22 00:40:04 +05:30:     at wrapModuleLoad (node:internal/modules/cjs/loader:255:19)
2026-05-22 00:40:04 +05:30:     at Module.require (node:internal/modules/cjs/loader:1556:12)
2026-05-22 00:40:04 +05:30:     at require (node:internal/modules/helpers:152:16)
2026-05-22 00:40:04 +05:30:     at Object.<anonymous> (C:\Users\md464\OneDrive\Documents\Desktop\BitzenX\server\dist\index.js:8:21)
2026-05-22 00:40:04 +05:30:     at Module._compile (node:internal/modules/cjs/loader:1812:14)
2026-05-22 00:40:05 +05:30: Error: ADMIN_SESSION_SECRET must be configured with a non-default value in production.
2026-05-22 00:40:05 +05:30:     at Object.<anonymous> (C:\Users\md464\OneDrive\Documents\Desktop\BitzenX\server\dist\config.js:27:15)
2026-05-22 00:40:05 +05:30:     at Module._compile (node:internal/modules/cjs/loader:1812:14)
2026-05-22 00:40:05 +05:30:     at Object..js (node:internal/modules/cjs/loader:1943:10)
2026-05-22 00:40:05 +05:30:     at Module.load (node:internal/modules/cjs/loader:1533:32)
2026-05-22 00:40:05 +05:30:     at Module._load (node:internal/modules/cjs/loader:1335:12)
2026-05-22 00:40:05 +05:30:     at wrapModuleLoad (node:internal/modules/cjs/loader:255:19)
2026-05-22 00:40:05 +05:30:     at Module.require (node:internal/modules/cjs/loader:1556:12)
2026-05-22 00:40:05 +05:30:     at require (node:internal/modules/helpers:152:16)
2026-05-22 00:40:05 +05:30:     at Object.<anonymous> (C:\Users\md464\OneDrive\Documents\Desktop\BitzenX\server\dist\index.js:8:21)
2026-05-22 00:40:05 +05:30:     at Module._compile (node:internal/modules/cjs/loader:1812:14)
2026-05-22 00:40:06 +05:30: Error: ADMIN_SESSION_SECRET must be configured with a non-default value in production.
2026-05-22 00:40:06 +05:30:     at Object.<anonymous> (C:\Users\md464\OneDrive\Documents\Desktop\BitzenX\server\dist\config.js:27:15)
2026-05-22 00:40:06 +05:30:     at Module._compile (node:internal/modules/cjs/loader:1812:14)
2026-05-22 00:40:06 +05:30:     at Object..js (node:internal/modules/cjs/loader:1943:10)
2026-05-22 00:40:06 +05:30:     at Module.load (node:internal/modules/cjs/loader:1533:32)
2026-05-22 00:40:06 +05:30:     at Module._load (node:internal/modules/cjs/loader:1335:12)
2026-05-22 00:40:06 +05:30:     at wrapModuleLoad (node:internal/modules/cjs/loader:255:19)
2026-05-22 00:40:06 +05:30:     at Module.require (node:internal/modules/cjs/loader:1556:12)
2026-05-22 00:40:06 +05:30:     at require (node:internal/modules/helpers:152:16)
2026-05-22 00:40:06 +05:30:     at Object.<anonymous> (C:\Users\md464\OneDrive\Documents\Desktop\BitzenX\server\dist\index.js:8:21)
2026-05-22 00:40:06 +05:30:     at Module._compile (node:internal/modules/cjs/loader:1812:14)
2026-05-22 00:40:06 +05:30: Error: ADMIN_SESSION_SECRET must be configured with a non-default value in production.
2026-05-22 00:40:06 +05:30:     at Object.<anonymous> (C:\Users\md464\OneDrive\Documents\Desktop\BitzenX\server\dist\config.js:27:15)
2026-05-22 00:40:06 +05:30:     at Module._compile (node:internal/modules/cjs/loader:1812:14)
2026-05-22 00:40:06 +05:30:     at Object..js (node:internal/modules/cjs/loader:1943:10)
2026-05-22 00:40:06 +05:30:     at Module.load (node:internal/modules/cjs/loader:1533:32)
2026-05-22 00:40:06 +05:30:     at Module._load (node:internal/modules/cjs/loader:1335:12)
2026-05-22 00:40:06 +05:30:     at wrapModuleLoad (node:internal/modules/cjs/loader:255:19)
2026-05-22 00:40:06 +05:30:     at Module.require (node:internal/modules/cjs/loader:1556:12)
2026-05-22 00:40:06 +05:30:     at require (node:internal/modules/helpers:152:16)
2026-05-22 00:40:06 +05:30:     at Object.<anonymous> (C:\Users\md464\OneDrive\Documents\Desktop\BitzenX\server\dist\index.js:8:21)
2026-05-22 00:40:06 +05:30:     at Module._compile (node:internal/modules/cjs/loader:1812:14)
2026-05-22 00:40:07 +05:30: Error: ADMIN_SESSION_SECRET must be configured with a non-default value in production.
2026-05-22 00:40:07 +05:30:     at Object.<anonymous> (C:\Users\md464\OneDrive\Documents\Desktop\BitzenX\server\dist\config.js:27:15)
2026-05-22 00:40:07 +05:30:     at Module._compile (node:internal/modules/cjs/loader:1812:14)
2026-05-22 00:40:07 +05:30:     at Object..js (node:internal/modules/cjs/loader:1943:10)
2026-05-22 00:40:07 +05:30:     at Module.load (node:internal/modules/cjs/loader:1533:32)
2026-05-22 00:40:07 +05:30:     at Module._load (node:internal/modules/cjs/loader:1335:12)
2026-05-22 00:40:07 +05:30:     at wrapModuleLoad (node:internal/modules/cjs/loader:255:19)
2026-05-22 00:40:07 +05:30:     at Module.require (node:internal/modules/cjs/loader:1556:12)
2026-05-22 00:40:07 +05:30:     at require (node:internal/modules/helpers:152:16)
2026-05-22 00:40:07 +05:30:     at Object.<anonymous> (C:\Users\md464\OneDrive\Documents\Desktop\BitzenX\server\dist\index.js:8:21)
2026-05-22 00:40:07 +05:30:     at Module._compile (node:internal/modules/cjs/loader:1812:14)
2026-05-22 00:40:07 +05:30: Error: ADMIN_SESSION_SECRET must be configured with a non-default value in production.
2026-05-22 00:40:07 +05:30:     at Object.<anonymous> (C:\Users\md464\OneDrive\Documents\Desktop\BitzenX\server\dist\config.js:27:15)
2026-05-22 00:40:07 +05:30:     at Module._compile (node:internal/modules/cjs/loader:1812:14)
2026-05-22 00:40:07 +05:30:     at Object..js (node:internal/modules/cjs/loader:1943:10)
2026-05-22 00:40:07 +05:30:     at Module.load (node:internal/modules/cjs/loader:1533:32)
2026-05-22 00:40:07 +05:30:     at Module._load (node:internal/modules/cjs/loader:1335:12)
2026-05-22 00:40:07 +05:30:     at wrapModuleLoad (node:internal/modules/cjs/loader:255:19)
2026-05-22 00:40:07 +05:30:     at Module.require (node:internal/modules/cjs/loader:1556:12)
2026-05-22 00:40:07 +05:30:     at require (node:internal/modules/helpers:152:16)
2026-05-22 00:40:07 +05:30:     at Object.<anonymous> (C:\Users\md464\OneDrive\Documents\Desktop\BitzenX\server\dist\index.js:8:21)
2026-05-22 00:40:07 +05:30:     at Module._compile (node:internal/modules/cjs/loader:1812:14)
2026-05-22 00:40:08 +05:30: Error: ADMIN_SESSION_SECRET must be configured with a non-default value in production.
2026-05-22 00:40:08 +05:30:     at Object.<anonymous> (C:\Users\md464\OneDrive\Documents\Desktop\BitzenX\server\dist\config.js:27:15)
2026-05-22 00:40:08 +05:30:     at Module._compile (node:internal/modules/cjs/loader:1812:14)
2026-05-22 00:40:08 +05:30:     at Object..js (node:internal/modules/cjs/loader:1943:10)
2026-05-22 00:40:08 +05:30:     at Module.load (node:internal/modules/cjs/loader:1533:32)
2026-05-22 00:40:08 +05:30:     at Module._load (node:internal/modules/cjs/loader:1335:12)
2026-05-22 00:40:08 +05:30:     at wrapModuleLoad (node:internal/modules/cjs/loader:255:19)
2026-05-22 00:40:08 +05:30:     at Module.require (node:internal/modules/cjs/loader:1556:12)
2026-05-22 00:40:08 +05:30:     at require (node:internal/modules/helpers:152:16)
2026-05-22 00:40:08 +05:30:     at Object.<anonymous> (C:\Users\md464\OneDrive\Documents\Desktop\BitzenX\server\dist\index.js:8:21)
2026-05-22 00:40:08 +05:30:     at Module._compile (node:internal/modules/cjs/loader:1812:14)
2026-05-22 00:40:09 +05:30: Error: ADMIN_SESSION_SECRET must be configured with a non-default value in production.
2026-05-22 00:40:09 +05:30:     at Object.<anonymous> (C:\Users\md464\OneDrive\Documents\Desktop\BitzenX\server\dist\config.js:27:15)
2026-05-22 00:40:09 +05:30:     at Module._compile (node:internal/modules/cjs/loader:1812:14)
2026-05-22 00:40:09 +05:30:     at Object..js (node:internal/modules/cjs/loader:1943:10)
2026-05-22 00:40:09 +05:30:     at Module.load (node:internal/modules/cjs/loader:1533:32)
2026-05-22 00:40:09 +05:30:     at Module._load (node:internal/modules/cjs/loader:1335:12)
2026-05-22 00:40:09 +05:30:     at wrapModuleLoad (node:internal/modules/cjs/loader:255:19)
2026-05-22 00:40:09 +05:30:     at Module.require (node:internal/modules/cjs/loader:1556:12)
2026-05-22 00:40:09 +05:30:     at require (node:internal/modules/helpers:152:16)
2026-05-22 00:40:09 +05:30:     at Object.<anonymous> (C:\Users\md464\OneDrive\Documents\Desktop\BitzenX\server\dist\index.js:8:21)
2026-05-22 00:40:09 +05:30:     at Module._compile (node:internal/modules/cjs/loader:1812:14)
2026-05-22 00:40:09 +05:30: Error: ADMIN_SESSION_SECRET must be configured with a non-default value in production.
2026-05-22 00:40:09 +05:30:     at Object.<anonymous> (C:\Users\md464\OneDrive\Documents\Desktop\BitzenX\server\dist\config.js:27:15)
2026-05-22 00:40:09 +05:30:     at Module._compile (node:internal/modules/cjs/loader:1812:14)
2026-05-22 00:40:09 +05:30:     at Object..js (node:internal/modules/cjs/loader:1943:10)
2026-05-22 00:40:09 +05:30:     at Module.load (node:internal/modules/cjs/loader:1533:32)
2026-05-22 00:40:09 +05:30:     at Module._load (node:internal/modules/cjs/loader:1335:12)
2026-05-22 00:40:09 +05:30:     at wrapModuleLoad (node:internal/modules/cjs/loader:255:19)
2026-05-22 00:40:09 +05:30:     at Module.require (node:internal/modules/cjs/loader:1556:12)
2026-05-22 00:40:09 +05:30:     at require (node:internal/modules/helpers:152:16)
2026-05-22 00:40:09 +05:30:     at Object.<anonymous> (C:\Users\md464\OneDrive\Documents\Desktop\BitzenX\server\dist\index.js:8:21)
2026-05-22 00:40:09 +05:30:     at Module._compile (node:internal/modules/cjs/loader:1812:14)
2026-05-22 00:40:09 +05:30: Error: ADMIN_SESSION_SECRET must be configured with a non-default value in production.
2026-05-22 00:40:09 +05:30:     at Object.<anonymous> (C:\Users\md464\OneDrive\Documents\Desktop\BitzenX\server\dist\config.js:27:15)
2026-05-22 00:40:09 +05:30:     at Module._compile (node:internal/modules/cjs/loader:1812:14)
2026-05-22 00:40:09 +05:30:     at Object..js (node:internal/modules/cjs/loader:1943:10)
2026-05-22 00:40:09 +05:30:     at Module.load (node:internal/modules/cjs/loader:1533:32)
2026-05-22 00:40:09 +05:30:     at Module._load (node:internal/modules/cjs/loader:1335:12)
2026-05-22 00:40:09 +05:30:     at wrapModuleLoad (node:internal/modules/cjs/loader:255:19)
2026-05-22 00:40:09 +05:30:     at Module.require (node:internal/modules/cjs/loader:1556:12)
2026-05-22 00:40:09 +05:30:     at require (node:internal/modules/helpers:152:16)
2026-05-22 00:40:09 +05:30:     at Object.<anonymous> (C:\Users\md464\OneDrive\Documents\Desktop\BitzenX\server\dist\index.js:8:21)
2026-05-22 00:40:09 +05:30:     at Module._compile (node:internal/modules/cjs/loader:1812:14)
2026-05-22 00:40:10 +05:30: Error: ADMIN_SESSION_SECRET must be configured with a non-default value in production.
2026-05-22 00:40:10 +05:30:     at Object.<anonymous> (C:\Users\md464\OneDrive\Documents\Desktop\BitzenX\server\dist\config.js:27:15)
2026-05-22 00:40:10 +05:30:     at Module._compile (node:internal/modules/cjs/loader:1812:14)
2026-05-22 00:40:10 +05:30:     at Object..js (node:internal/modules/cjs/loader:1943:10)
2026-05-22 00:40:10 +05:30:     at Module.load (node:internal/modules/cjs/loader:1533:32)
2026-05-22 00:40:10 +05:30:     at Module._load (node:internal/modules/cjs/loader:1335:12)
2026-05-22 00:40:10 +05:30:     at wrapModuleLoad (node:internal/modules/cjs/loader:255:19)
2026-05-22 00:40:10 +05:30:     at Module.require (node:internal/modules/cjs/loader:1556:12)
2026-05-22 00:40:10 +05:30:     at require (node:internal/modules/helpers:152:16)
2026-05-22 00:40:10 +05:30:     at Object.<anonymous> (C:\Users\md464\OneDrive\Documents\Desktop\BitzenX\server\dist\index.js:8:21)
2026-05-22 00:40:10 +05:30:     at Module._compile (node:internal/modules/cjs/loader:1812:14)
2026-05-22 00:40:10 +05:30: Error: ADMIN_SESSION_SECRET must be configured with a non-default value in production.
2026-05-22 00:40:10 +05:30:     at Object.<anonymous> (C:\Users\md464\OneDrive\Documents\Desktop\BitzenX\server\dist\config.js:27:15)
2026-05-22 00:40:10 +05:30:     at Module._compile (node:internal/modules/cjs/loader:1812:14)
2026-05-22 00:40:10 +05:30:     at Object..js (node:internal/modules/cjs/loader:1943:10)
2026-05-22 00:40:10 +05:30:     at Module.load (node:internal/modules/cjs/loader:1533:32)
2026-05-22 00:40:10 +05:30:     at Module._load (node:internal/modules/cjs/loader:1335:12)
2026-05-22 00:40:10 +05:30:     at wrapModuleLoad (node:internal/modules/cjs/loader:255:19)
2026-05-22 00:40:10 +05:30:     at Module.require (node:internal/modules/cjs/loader:1556:12)
2026-05-22 00:40:10 +05:30:     at require (node:internal/modules/helpers:152:16)
2026-05-22 00:40:10 +05:30:     at Object.<anonymous> (C:\Users\md464\OneDrive\Documents\Desktop\BitzenX\server\dist\index.js:8:21)
2026-05-22 00:40:10 +05:30:     at Module._compile (node:internal/modules/cjs/loader:1812:14)
2026-05-22 00:40:11 +05:30: Error: ADMIN_SESSION_SECRET must be configured with a non-default value in production.
2026-05-22 00:40:11 +05:30:     at Object.<anonymous> (C:\Users\md464\OneDrive\Documents\Desktop\BitzenX\server\dist\config.js:27:15)
2026-05-22 00:40:11 +05:30:     at Module._compile (node:internal/modules/cjs/loader:1812:14)
2026-05-22 00:40:11 +05:30:     at Object..js (node:internal/modules/cjs/loader:1943:10)
2026-05-22 00:40:11 +05:30:     at Module.load (node:internal/modules/cjs/loader:1533:32)
2026-05-22 00:40:11 +05:30:     at Module._load (node:internal/modules/cjs/loader:1335:12)
2026-05-22 00:40:11 +05:30:     at wrapModuleLoad (node:internal/modules/cjs/loader:255:19)
2026-05-22 00:40:11 +05:30:     at Module.require (node:internal/modules/cjs/loader:1556:12)
2026-05-22 00:40:11 +05:30:     at require (node:internal/modules/helpers:152:16)
2026-05-22 00:40:11 +05:30:     at Object.<anonymous> (C:\Users\md464\OneDrive\Documents\Desktop\BitzenX\server\dist\index.js:8:21)
2026-05-22 00:40:11 +05:30:     at Module._compile (node:internal/modules/cjs/loader:1812:14)
2026-05-22 00:40:11 +05:30: Error: ADMIN_SESSION_SECRET must be configured with a non-default value in production.
2026-05-22 00:40:11 +05:30:     at Object.<anonymous> (C:\Users\md464\OneDrive\Documents\Desktop\BitzenX\server\dist\config.js:27:15)
2026-05-22 00:40:11 +05:30:     at Module._compile (node:internal/modules/cjs/loader:1812:14)
2026-05-22 00:40:11 +05:30:     at Object..js (node:internal/modules/cjs/loader:1943:10)
2026-05-22 00:40:11 +05:30:     at Module.load (node:internal/modules/cjs/loader:1533:32)
2026-05-22 00:40:11 +05:30:     at Module._load (node:internal/modules/cjs/loader:1335:12)
2026-05-22 00:40:11 +05:30:     at wrapModuleLoad (node:internal/modules/cjs/loader:255:19)
2026-05-22 00:40:11 +05:30:     at Module.require (node:internal/modules/cjs/loader:1556:12)
2026-05-22 00:40:11 +05:30:     at require (node:internal/modules/helpers:152:16)
2026-05-22 00:40:11 +05:30:     at Object.<anonymous> (C:\Users\md464\OneDrive\Documents\Desktop\BitzenX\server\dist\index.js:8:21)
2026-05-22 00:40:11 +05:30:     at Module._compile (node:internal/modules/cjs/loader:1812:14)
2026-05-22 00:40:12 +05:30: Error: ADMIN_SESSION_SECRET must be configured with a non-default value in production.
2026-05-22 00:40:12 +05:30:     at Object.<anonymous> (C:\Users\md464\OneDrive\Documents\Desktop\BitzenX\server\dist\config.js:27:15)
2026-05-22 00:40:12 +05:30:     at Module._compile (node:internal/modules/cjs/loader:1812:14)
2026-05-22 00:40:12 +05:30:     at Object..js (node:internal/modules/cjs/loader:1943:10)
2026-05-22 00:40:12 +05:30:     at Module.load (node:internal/modules/cjs/loader:1533:32)
2026-05-22 00:40:12 +05:30:     at Module._load (node:internal/modules/cjs/loader:1335:12)
2026-05-22 00:40:12 +05:30:     at wrapModuleLoad (node:internal/modules/cjs/loader:255:19)
2026-05-22 00:40:12 +05:30:     at Module.require (node:internal/modules/cjs/loader:1556:12)
2026-05-22 00:40:12 +05:30:     at require (node:internal/modules/helpers:152:16)
2026-05-22 00:40:12 +05:30:     at Object.<anonymous> (C:\Users\md464\OneDrive\Documents\Desktop\BitzenX\server\dist\index.js:8:21)
2026-05-22 00:40:12 +05:30:     at Module._compile (node:internal/modules/cjs/loader:1812:14)
2026-05-22 00:40:12 +05:30: Error: ADMIN_SESSION_SECRET must be configured with a non-default value in production.
2026-05-22 00:40:12 +05:30:     at Object.<anonymous> (C:\Users\md464\OneDrive\Documents\Desktop\BitzenX\server\dist\config.js:27:15)
2026-05-22 00:40:12 +05:30:     at Module._compile (node:internal/modules/cjs/loader:1812:14)
2026-05-22 00:40:12 +05:30:     at Object..js (node:internal/modules/cjs/loader:1943:10)
2026-05-22 00:40:12 +05:30:     at Module.load (node:internal/modules/cjs/loader:1533:32)
2026-05-22 00:40:12 +05:30:     at Module._load (node:internal/modules/cjs/loader:1335:12)
2026-05-22 00:40:12 +05:30:     at wrapModuleLoad (node:internal/modules/cjs/loader:255:19)
2026-05-22 00:40:12 +05:30:     at Module.require (node:internal/modules/cjs/loader:1556:12)
2026-05-22 00:40:12 +05:30:     at require (node:internal/modules/helpers:152:16)
2026-05-22 00:40:12 +05:30:     at Object.<anonymous> (C:\Users\md464\OneDrive\Documents\Desktop\BitzenX\server\dist\index.js:8:21)
2026-05-22 00:40:12 +05:30:     at Module._compile (node:internal/modules/cjs/loader:1812:14)
2026-05-22 00:40:13 +05:30: Error: ADMIN_SESSION_SECRET must be configured with a non-default value in production.
2026-05-22 00:40:13 +05:30:     at Object.<anonymous> (C:\Users\md464\OneDrive\Documents\Desktop\BitzenX\server\dist\config.js:27:15)
2026-05-22 00:40:13 +05:30:     at Module._compile (node:internal/modules/cjs/loader:1812:14)
2026-05-22 00:40:13 +05:30:     at Object..js (node:internal/modules/cjs/loader:1943:10)
2026-05-22 00:40:13 +05:30:     at Module.load (node:internal/modules/cjs/loader:1533:32)
2026-05-22 00:40:13 +05:30:     at Module._load (node:internal/modules/cjs/loader:1335:12)
2026-05-22 00:40:13 +05:30:     at wrapModuleLoad (node:internal/modules/cjs/loader:255:19)
2026-05-22 00:40:13 +05:30:     at Module.require (node:internal/modules/cjs/loader:1556:12)
2026-05-22 00:40:13 +05:30:     at require (node:internal/modules/helpers:152:16)
2026-05-22 00:40:13 +05:30:     at Object.<anonymous> (C:\Users\md464\OneDrive\Documents\Desktop\BitzenX\server\dist\index.js:8:21)
2026-05-22 00:40:13 +05:30:     at Module._compile (node:internal/modules/cjs/loader:1812:14)
